0 info it worked if it ends with ok
1 verbose cli [ 'node', '/usr/local/bin/npm', 'install', '-g', 'ng-annotate' ]
2 info using npm@1.4.23
3 info using node@v0.10.31
4 verbose cache add [ 'ng-annotate', null ]
5 verbose cache add name=undefined spec="ng-annotate" args=["ng-annotate",null]
6 verbose parsed url { protocol: null,
6 verbose parsed url   slashes: null,
6 verbose parsed url   auth: null,
6 verbose parsed url   host: null,
6 verbose parsed url   port: null,
6 verbose parsed url   hostname: null,
6 verbose parsed url   hash: null,
6 verbose parsed url   search: null,
6 verbose parsed url   query: null,
6 verbose parsed url   pathname: 'ng-annotate',
6 verbose parsed url   path: 'ng-annotate',
6 verbose parsed url   href: 'ng-annotate' }
7 silly lockFile 3a26f203-ng-annotate ng-annotate
8 verbose lock ng-annotate /Users/Bharat/.npm/3a26f203-ng-annotate.lock
9 silly lockFile 3a26f203-ng-annotate ng-annotate
10 silly lockFile 3a26f203-ng-annotate ng-annotate
11 verbose addNamed [ 'ng-annotate', '' ]
12 verbose addNamed [ null, '*' ]
13 silly lockFile b1c6a8ab-ng-annotate ng-annotate@
14 verbose lock ng-annotate@ /Users/Bharat/.npm/b1c6a8ab-ng-annotate.lock
15 silly addNameRange { name: 'ng-annotate', range: '*', hasData: false }
16 verbose request where is /ng-annotate
17 verbose request registry https://registry.npmjs.org/
18 verbose request id 5b0f1cbb2e42335d
19 verbose url raw /ng-annotate
20 verbose url resolving [ 'https://registry.npmjs.org/', './ng-annotate' ]
21 verbose url resolved https://registry.npmjs.org/ng-annotate
22 verbose request where is https://registry.npmjs.org/ng-annotate
23 info trying registry request attempt 1 at 19:55:16
24 verbose etag "1H436Z0FTEGK96P8759UVS454"
25 http GET https://registry.npmjs.org/ng-annotate
26 http 304 https://registry.npmjs.org/ng-annotate
27 silly registry.get cb [ 304,
27 silly registry.get   { date: 'Thu, 18 Sep 2014 02:55:16 GMT',
27 silly registry.get     server: 'Apache',
27 silly registry.get     via: '1.1 varnish',
27 silly registry.get     'last-modified': 'Thu, 18 Sep 2014 02:55:16 GMT',
27 silly registry.get     'cache-control': 'max-age=60',
27 silly registry.get     etag: '"1H436Z0FTEGK96P8759UVS454"',
27 silly registry.get     'x-served-by': 'cache-ord1734-ORD',
27 silly registry.get     'x-cache': 'HIT',
27 silly registry.get     'x-cache-hits': '1',
27 silly registry.get     'x-timer': 'S1411008916.629403,VS0,VE28',
27 silly registry.get     vary: 'Accept',
27 silly registry.get     'content-length': '0',
27 silly registry.get     'keep-alive': 'timeout=10, max=50',
27 silly registry.get     connection: 'Keep-Alive' } ]
28 verbose etag https://registry.npmjs.org/ng-annotate from cache
29 silly addNameRange number 2 { name: 'ng-annotate', range: '*', hasData: true }
30 silly addNameRange versions [ 'ng-annotate',
30 silly addNameRange   [ '0.1.0',
30 silly addNameRange     '0.1.1',
30 silly addNameRange     '0.1.2',
30 silly addNameRange     '0.2.0',
30 silly addNameRange     '0.3.0',
30 silly addNameRange     '0.3.1',
30 silly addNameRange     '0.3.2',
30 silly addNameRange     '0.3.3',
30 silly addNameRange     '0.4.0',
30 silly addNameRange     '0.5.0',
30 silly addNameRange     '0.6.0',
30 silly addNameRange     '0.7.0',
30 silly addNameRange     '0.7.1',
30 silly addNameRange     '0.7.2',
30 silly addNameRange     '0.7.3',
30 silly addNameRange     '0.8.0',
30 silly addNameRange     '0.9.0',
30 silly addNameRange     '0.9.1',
30 silly addNameRange     '0.9.2',
30 silly addNameRange     '0.9.3',
30 silly addNameRange     '0.9.4',
30 silly addNameRange     '0.9.5',
30 silly addNameRange     '0.9.6',
30 silly addNameRange     '0.9.7',
30 silly addNameRange     '0.9.8',
30 silly addNameRange     '0.9.9',
30 silly addNameRange     '0.9.10',
30 silly addNameRange     '0.9.11',
30 silly addNameRange     '0.10.0' ] ]
31 verbose addNamed [ 'ng-annotate', '0.10.0' ]
32 verbose addNamed [ '0.10.0', '0.10.0' ]
33 silly lockFile 0b327e1b-ng-annotate-0-10-0 ng-annotate@0.10.0
34 verbose lock ng-annotate@0.10.0 /Users/Bharat/.npm/0b327e1b-ng-annotate-0-10-0.lock
35 silly lockFile 0b327e1b-ng-annotate-0-10-0 ng-annotate@0.10.0
36 silly lockFile 0b327e1b-ng-annotate-0-10-0 ng-annotate@0.10.0
37 silly lockFile b1c6a8ab-ng-annotate ng-annotate@
38 silly lockFile b1c6a8ab-ng-annotate ng-annotate@
39 silly resolved [ { name: 'ng-annotate',
39 silly resolved     version: '0.10.0',
39 silly resolved     description: 'add, remove and rebuild angularjs dependency injection annotations',
39 silly resolved     main: 'build/es5/ng-annotate-main.js',
39 silly resolved     repository: { type: 'git', url: 'https://github.com/olov/ng-annotate.git' },
39 silly resolved     dependencies:
39 silly resolved      { alter: '~0.2.0',
39 silly resolved        'convert-source-map': '~0.4.0',
39 silly resolved        esprima: '~1.2.0',
39 silly resolved        optimist: '~0.6.1',
39 silly resolved        'ordered-ast-traverse': '~0.1.1',
39 silly resolved        'simple-fmt': '~0.1.0',
39 silly resolved        'simple-is': '~0.2.0',
39 silly resolved        'source-map': '~0.1.37',
39 silly resolved        stable: '~0.1.5',
39 silly resolved        stringmap: '~0.2.2',
39 silly resolved        stringset: '~0.2.1',
39 silly resolved        tryor: '~0.1.2' },
39 silly resolved     devDependencies: { defs: '~0.6.2', diff: '~1.0.8', 'find-line-column': '~0.5.2' },
39 silly resolved     keywords:
39 silly resolved      [ 'angular',
39 silly resolved        'angularjs',
39 silly resolved        'di',
39 silly resolved        'dependency',
39 silly resolved        'injection',
39 silly resolved        'annotate',
39 silly resolved        'annotation',
39 silly resolved        'annotations',
39 silly resolved        'non-intrusive',
39 silly resolved        'transformation' ],
39 silly resolved     scripts: { test: 'node --harmony run-tests' },
39 silly resolved     bin: { 'ng-annotate': './build/es5/ng-annotate' },
39 silly resolved     author: { name: 'Olov Lassus', email: 'olov.lassus@gmail.com' },
39 silly resolved     license: 'MIT',
39 silly resolved     bugs: { url: 'https://github.com/olov/ng-annotate/issues' },
39 silly resolved     homepage: 'https://github.com/olov/ng-annotate',
39 silly resolved     _id: 'ng-annotate@0.10.0',
39 silly resolved     dist:
39 silly resolved      { shasum: '52110fb3bf4ac5f97cccaac35dfbd058b27216f5',
39 silly resolved        tarball: 'http://registry.npmjs.org/ng-annotate/-/ng-annotate-0.10.0.tgz' },
39 silly resolved     _resolved: 'https://registry.npmjs.org/ng-annotate/-/ng-annotate-0.10.0.tgz',
39 silly resolved     _from: 'ng-annotate@',
39 silly resolved     _npmVersion: '1.3.25',
39 silly resolved     _npmUser: { name: 'olov', email: 'olov.lassus@gmail.com' },
39 silly resolved     maintainers: [ [Object] ],
39 silly resolved     directories: {},
39 silly resolved     _shasum: '52110fb3bf4ac5f97cccaac35dfbd058b27216f5',
39 silly resolved     readme: 'ERROR: No README data found!' } ]
40 info install ng-annotate@0.10.0 into /usr/local/lib
41 info installOne ng-annotate@0.10.0
42 verbose lib/node_modules/ng-annotate unbuild
43 verbose tar unpack /Users/Bharat/.npm/ng-annotate/0.10.0/package.tgz
44 silly lockFile fe519b57-cal-lib-node-modules-ng-annotate tar:///usr/local/lib/node_modules/ng-annotate
45 verbose lock tar:///usr/local/lib/node_modules/ng-annotate /Users/Bharat/.npm/fe519b57-cal-lib-node-modules-ng-annotate.lock
46 silly lockFile a224338e-m-ng-annotate-0-10-0-package-tgz tar:///Users/Bharat/.npm/ng-annotate/0.10.0/package.tgz
47 verbose lock tar:///Users/Bharat/.npm/ng-annotate/0.10.0/package.tgz /Users/Bharat/.npm/a224338e-m-ng-annotate-0-10-0-package-tgz.lock
48 silly gunzTarPerm modes [ '755', '644' ]
49 error Error: EACCES, mkdir '/usr/local/lib/node_modules/ng-annotate'
49 error  { [Error: EACCES, mkdir '/usr/local/lib/node_modules/ng-annotate']
49 error   errno: 3,
49 error   code: 'EACCES',
49 error   path: '/usr/local/lib/node_modules/ng-annotate',
49 error   fstream_type: 'Directory',
49 error   fstream_path: '/usr/local/lib/node_modules/ng-annotate',
49 error   fstream_class: 'DirWriter',
49 error   fstream_stack:
49 error    [ '/usr/local/lib/node_modules/npm/node_modules/fstream/lib/dir-writer.js:36:23',
49 error      '/usr/local/lib/node_modules/npm/node_modules/mkdirp/index.js:46:53',
49 error      'Object.oncomplete (fs.js:107:15)' ] }
50 error Please try running this command again as root/Administrator.
51 error System Darwin 13.3.0
52 error command "node" "/usr/local/bin/npm" "install" "-g" "ng-annotate"
53 error cwd /Users/Bharat/LoanCalculator/js
54 error node -v v0.10.31
55 error npm -v 1.4.23
56 error path /usr/local/lib/node_modules/ng-annotate
57 error fstream_path /usr/local/lib/node_modules/ng-annotate
58 error fstream_type Directory
59 error fstream_class DirWriter
60 error code EACCES
61 error errno 3
62 error stack Error: EACCES, mkdir '/usr/local/lib/node_modules/ng-annotate'
63 error fstream_stack /usr/local/lib/node_modules/npm/node_modules/fstream/lib/dir-writer.js:36:23
63 error fstream_stack /usr/local/lib/node_modules/npm/node_modules/mkdirp/index.js:46:53
63 error fstream_stack Object.oncomplete (fs.js:107:15)
64 verbose exit [ 3, true ]
